<?xml version="1.0" encoding="UTF-8"?>
<testsuite xmlns:xsi="http://www.w3.org/2001/XMLSchema-instance" xsi:noNamespaceSchemaLocation="https://maven.apache.org/surefire/maven-surefire-plugin/xsd/surefire-test-report.xsd" version="3.0.2" name="vn.trace.reportcli.cli.CliCompatibilityTest" time="4.356" tests="2" errors="0" skipped="0" failures="0">
  <properties>
[...]
</properties>
  <testcase name="supportsLegacyAndExplicitRenderSyntax(Path)" classname="vn.trace.reportcli.cli.CliCompatibilityTest" time="4.294">
    <system-out><![CDATA[[1/2] OK dakao-001 -> /var/folders/n6/8mt71rfs19ggn2sl9cmgm_1c0000gn/T/junit-14136731589089272695/legacy/cert-nguyen-van-an.pdf
[2/2] OK dakao-002 -> /var/folders/n6/8mt71rfs19ggn2sl9cmgm_1c0000gn/T/junit-14136731589089272695/legacy/cert-tran-thi-binh.pdf
Completed: total=2, success=2, failed=0
[1/2] OK dakao-001 -> /var/folders/n6/8mt71rfs19ggn2sl9cmgm_1c0000gn/T/junit-14136731589089272695/explicit/cert-nguyen-van-an.pdf
[2/2] OK dakao-002 -> /var/folders/n6/8mt71rfs19ggn2sl9cmgm_1c0000gn/T/junit-14136731589089272695/explicit/cert-tran-thi-binh.pdf
Completed: total=2, success=2, failed=0
]]></system-out>
  </testcase>
  <testcase name="exposesSigningSubcommands" classname="vn.trace.reportcli.cli.CliCompatibilityTest" time="0.058">
    <system-out><![CDATA[Usage: jasper-cli sign [-hV] [--force] [--invisible] [--online]
                       [--alias=<alias>] -i=<input> -k=<keystore>
                       [--level=<level>] -o=<output> [-p=<password>]
                       [--sign-font-size=<signFontSize>]
                       [--sign-height=<signHeight>] [--sign-image=<signImage>]
                       [--sign-page=<signPage>] [--sign-text=<signText>]
                       [--sign-width=<signWidth>] [--sign-x=<signX>]
                       [--sign-y=<signY>] [--truststore=<truststore>]
                       [--truststore-password=<truststorePassword>]
                       [--tsa-url=<tsaUrl>]
Sign a PDF with a PKCS#12 key using a PAdES baseline profile.
      --alias=<alias>      Key alias; required when the keystore has multiple
                             keys
      --force              Overwrite an existing output PDF
  -h, --help               Show this help message and exit.
  -i, --input=<input>      Input PDF
      --invisible          Sign without a visible signature box on the PDF
  -k, --keystore=<keystore>
                           PKCS#12/PFX signing key
      --level=<level>      PAdES baseline level: B, T, LT or LTA
  -o, --output=<output>    Signed output PDF
      --online             Enable AIA, OCSP and CRL downloads for LT/LTA
  -p, --password=<password>
                           Keystore password (prefer JASPER_KEYSTORE_PASSWORD)
      --sign-font-size=<signFontSize>
                           Visible signature font size
      --sign-height=<signHeight>
                           Visible signature height in PDF points
      --sign-image=<signImage>
                           Optional image shown inside the visible signature box
      --sign-page=<signPage>
                           Page number for the visible signature box (1-based)
      --sign-text=<signText>
                           Optional signer label; signing date/time is appended
                             automatically
      --sign-width=<signWidth>
                           Visible signature width in PDF points
      --sign-x=<signX>     Margin from page edge in PDF points; with
                             bottom-right anchor this is horizontal inset
      --sign-y=<signY>     Margin from page edge in PDF points; with
                             bottom-right anchor this is vertical inset
      --truststore=<truststore>
                           PKCS#12/JKS truststore used while building LT/LTA
                             material
      --truststore-password=<truststorePassword>
                           Truststore password (prefer
                             JASPER_TRUSTSTORE_PASSWORD)
      --tsa-url=<tsaUrl>   RFC 3161 TSA URL; required for T, LT and LTA
  -V, --version            Print version information and exit.
Usage: jasper-cli verify [-hV] [--online] -i=<input>
                         [--truststore=<truststore>]
                         [--truststore-password=<truststorePassword>]
Validate signatures and trust in a signed PDF.
  -h, --help            Show this help message and exit.
  -i, --input=<input>   Signed PDF
      --online          Enable AIA, OCSP and CRL downloads
      --truststore=<truststore>
                        Trusted certificates in PKCS#12 or JKS format
      --truststore-password=<truststorePassword>
                        Truststore password (prefer JASPER_TRUSTSTORE_PASSWORD)
  -V, --version         Print version information and exit.
Usage: jasper-cli generate-key [-hV] [--alias=<alias>] [--days=<validityDays>]
                               [--dn=<distinguishedName>]
                               [--key-size=<keySize>] -o=<output>
                               [-p=<password>]
Generate a development PKCS#12 key with a self-signed certificate.
      --alias=<alias>        Private key alias
      --days=<validityDays>  Certificate validity in days
      --dn=<distinguishedName>
                             X.500 subject name
  -h, --help                 Show this help message and exit.
      --key-size=<keySize>   RSA key size (minimum 2048)
  -o, --output=<output>      Output PKCS#12 file
  -p, --password=<password>  Keystore password (prefer JASPER_KEYSTORE_PASSWORD)
  -V, --version              Print version information and exit.
]]></system-out>
  </testcase>
</testsuite>