<?xml version="1.0" encoding="UTF-8"?>
<testsuite xmlns:xsi="http://www.w3.org/2001/XMLSchema-instance" xsi:noNamespaceSchemaLocation="https://maven.apache.org/surefire/maven-surefire-plugin/xsd/surefire-test-report.xsd" version="3.0.2" name="vn.trace.reportcli.sign.PdfSignVerifyRoundTripTest" time="13.299" tests="5" errors="0" skipped="0" failures="0">
  <properties>
[...]
</properties>
  <testcase name="signsWithVisibleRepresentation(Path)" classname="vn.trace.reportcli.sign.PdfSignVerifyRoundTripTest" time="5.001">
    <system-err><![CDATA[[main] INFO eu.europa.esig.dss.spi.validation.CommonCertificateVerifier - + New CommonCertificateVerifier created.
[main] INFO eu.europa.esig.dss.spi.validation.CommonCertificateVerifier - + New CommonCertificateVerifier created.
[main] INFO eu.europa.esig.dss.pdf.pdfbox.visible.AbstractPdfBoxSignatureDrawer - No color profile is present in the provided document. A new color profile 'sRGB' has been added.
[main] WARN eu.europa.esig.dss.pdf.pdfbox.visible.nativedrawer.NativePdfBoxVisibleSignatureDrawer - Transparency detected and enabled (Be aware: not valid with PDF/A !)
[main] WARN eu.europa.esig.dss.pdf.pdfbox.visible.nativedrawer.NativePdfBoxVisibleSignatureDrawer - Transparency detected and enabled (Be aware: not valid with PDF/A !)
[main] INFO eu.europa.esig.dss.token.AbstractSignatureTokenConnection - Signature algorithm : SHA256withRSA
[main] INFO eu.europa.esig.dss.spi.validation.CommonCertificateVerifier - + New CommonCertificateVerifier created.
[main] INFO eu.europa.esig.dss.spi.validation.CommonCertificateVerifier - + New CommonCertificateVerifier created.
[main] INFO eu.europa.esig.dss.validation.SignedDocumentValidator - Document validation...
[main] INFO eu.europa.esig.dss.pdf.AbstractPDFSignatureService - Signature fields: [Signature1]
[main] INFO eu.europa.esig.dss.spi.validation.CommonCertificateVerifier - + New CommonCertificateVerifier created.
[main] INFO eu.europa.esig.dss.spi.validation.CommonCertificateVerifier - + New CommonCertificateVerifier created.
]]></system-err>
  </testcase>
  <testcase name="detectsChangedSignedBytes(Path)" classname="vn.trace.reportcli.sign.PdfSignVerifyRoundTripTest" time="2.123">
    <system-err><![CDATA[[main] INFO eu.europa.esig.dss.spi.validation.CommonCertificateVerifier - + New CommonCertificateVerifier created.
[main] INFO eu.europa.esig.dss.spi.validation.CommonCertificateVerifier - + New CommonCertificateVerifier created.
[main] INFO eu.europa.esig.dss.token.AbstractSignatureTokenConnection - Signature algorithm : SHA256withRSA
[main] INFO eu.europa.esig.dss.spi.validation.CommonCertificateVerifier - + New CommonCertificateVerifier created.
[main] INFO eu.europa.esig.dss.spi.validation.CommonCertificateVerifier - + New CommonCertificateVerifier created.
[main] INFO eu.europa.esig.dss.validation.SignedDocumentValidator - Document validation...
[main] INFO eu.europa.esig.dss.pdf.AbstractPDFSignatureService - Signature fields: [Signature1]
[main] INFO eu.europa.esig.dss.spi.validation.CommonCertificateVerifier - + New CommonCertificateVerifier created.
[main] INFO eu.europa.esig.dss.spi.validation.CommonCertificateVerifier - + New CommonCertificateVerifier created.
[main] WARN eu.europa.esig.dss.spi.x509.SignatureIntegrityValidator - Determining signing certificate from certificate candidates list failed: [Best candidate validation failed : Unable to validate CMS Signature : message-digest attribute value does not match calculated value]
]]></system-err>
  </testcase>
  <testcase name="signsVisibleSignatureWithVietnameseText(Path)" classname="vn.trace.reportcli.sign.PdfSignVerifyRoundTripTest" time="2.178">
    <system-err><![CDATA[[main] INFO eu.europa.esig.dss.spi.validation.CommonCertificateVerifier - + New CommonCertificateVerifier created.
[main] INFO eu.europa.esig.dss.spi.validation.CommonCertificateVerifier - + New CommonCertificateVerifier created.
[main] INFO eu.europa.esig.dss.pdf.pdfbox.visible.AbstractPdfBoxSignatureDrawer - No color profile is present in the provided document. A new color profile 'sRGB' has been added.
[main] WARN eu.europa.esig.dss.pdf.pdfbox.visible.nativedrawer.NativePdfBoxVisibleSignatureDrawer - Transparency detected and enabled (Be aware: not valid with PDF/A !)
[main] WARN eu.europa.esig.dss.pdf.pdfbox.visible.nativedrawer.NativePdfBoxVisibleSignatureDrawer - Transparency detected and enabled (Be aware: not valid with PDF/A !)
[main] INFO eu.europa.esig.dss.token.AbstractSignatureTokenConnection - Signature algorithm : SHA256withRSA
[main] INFO eu.europa.esig.dss.spi.validation.CommonCertificateVerifier - + New CommonCertificateVerifier created.
[main] INFO eu.europa.esig.dss.spi.validation.CommonCertificateVerifier - + New CommonCertificateVerifier created.
[main] INFO eu.europa.esig.dss.validation.SignedDocumentValidator - Document validation...
[main] INFO eu.europa.esig.dss.pdf.AbstractPDFSignatureService - Signature fields: [Signature1]
[main] INFO eu.europa.esig.dss.spi.validation.CommonCertificateVerifier - + New CommonCertificateVerifier created.
[main] INFO eu.europa.esig.dss.spi.validation.CommonCertificateVerifier - + New CommonCertificateVerifier created.
]]></system-err>
  </testcase>
  <testcase name="rejectsWrongKeystorePassword(Path)" classname="vn.trace.reportcli.sign.PdfSignVerifyRoundTripTest" time="1.219">
    <system-err><![CDATA[[main] INFO eu.europa.esig.dss.spi.validation.CommonCertificateVerifier - + New CommonCertificateVerifier created.
]]></system-err>
  </testcase>
  <testcase name="generatesKeySignsAndVerifiesWithLocalTrust(Path)" classname="vn.trace.reportcli.sign.PdfSignVerifyRoundTripTest" time="2.771">
    <system-err><![CDATA[[main] INFO eu.europa.esig.dss.spi.validation.CommonCertificateVerifier - + New CommonCertificateVerifier created.
[main] INFO eu.europa.esig.dss.spi.validation.CommonCertificateVerifier - + New CommonCertificateVerifier created.
[main] INFO eu.europa.esig.dss.token.AbstractSignatureTokenConnection - Signature algorithm : SHA256withRSA
[main] INFO eu.europa.esig.dss.spi.validation.CommonCertificateVerifier - + New CommonCertificateVerifier created.
[main] INFO eu.europa.esig.dss.spi.validation.CommonCertificateVerifier - + New CommonCertificateVerifier created.
[main] INFO eu.europa.esig.dss.validation.SignedDocumentValidator - Document validation...
[main] INFO eu.europa.esig.dss.pdf.AbstractPDFSignatureService - Signature fields: [Signature1]
[main] INFO eu.europa.esig.dss.spi.validation.CommonCertificateVerifier - + New CommonCertificateVerifier created.
[main] INFO eu.europa.esig.dss.spi.validation.CommonCertificateVerifier - + New CommonCertificateVerifier created.
[main] INFO eu.europa.esig.dss.spi.validation.CommonCertificateVerifier - + New CommonCertificateVerifier created.
[main] INFO eu.europa.esig.dss.validation.SignedDocumentValidator - Document validation...
[main] INFO eu.europa.esig.dss.pdf.AbstractPDFSignatureService - Signature fields: [Signature1]
[main] INFO eu.europa.esig.dss.spi.validation.CommonCertificateVerifier - + New CommonCertificateVerifier created.
[main] INFO eu.europa.esig.dss.spi.validation.CommonCertificateVerifier - + New CommonCertificateVerifier created.
[main] WARN eu.europa.esig.dss.validation.reports.diagnostic.DiagnosticDataBuilder - Provided CertificateSource configuration contains none of trusted sources of type TRUSTED_STORE or TRUSTED_LIST!
]]></system-err>
  </testcase>
</testsuite>