<?xml version="1.0" encoding="UTF-8"?>
<testsuite xmlns:xsi="http://www.w3.org/2001/XMLSchema-instance" xsi:noNamespaceSchemaLocation="https://maven.apache.org/surefire/maven-surefire-plugin/xsd/surefire-test-report.xsd" version="3.0.2" name="vn.trace.reportcli.render.JasperBatchRendererTest" time="5.953" tests="3" errors="0" skipped="0" failures="0">
  <properties>
[...]
</properties>
  <testcase name="rendersIndividualAndMergedPdfs(Path)" classname="vn.trace.reportcli.render.JasperBatchRendererTest" time="5.832"/>
  <testcase name="rejectsUnknownTemplateCode" classname="vn.trace.reportcli.render.JasperBatchRendererTest" time="0.006"/>
  <testcase name="cachesCompiledTemplates" classname="vn.trace.reportcli.render.JasperBatchRendererTest" time="0.094"/>
</testsuite>